<?xml version="1.0" encoding="UTF-8"?>
<!-- Generated by org.testng.reporters.JUnitXMLReporter -->
<testsuite hostname="SCS-R37" ignored="0" name="Test" tests="5" failures="0" timestamp="18 Jul 2020 11:24:09 GMT" time="143.338" errors="0">
  <testcase name="logoTest" time="4.111" classname="com.voyager.qa.testcases.LoginPageTests"/>
  <testcase name="clickonMemberlinkTest" time="5.24" classname="com.voyager.qa.testcases.HomePageTest"/>
  <testcase name="validateSearchMemberTest" time="24.443" classname="com.voyager.qa.testcases.SearchMemberTest"/>
  <testcase name="loginTest" time="9.409" classname="com.voyager.qa.testcases.LoginPageTests"/>
  <testcase name="searchSingleMemberCountTest" time="13.432" classname="com.voyager.qa.testcases.SearchMemberTest"/>
</testsuite> <!-- Test -->
